[2016-12-30 22:07:38.865] [INFO] resLogger - 
*************** response log start ***************
request method: GET
request originalUrl:  /api/users/getUser?id=1
request client ip:  ::ffff:127.0.0.1
request query:  {"id":"1"}
response time: 1
response status: 200
response body: 
{"code":0,"message":"success","data":{"username":"阿，希爸","age":30}}
*************** response log end ***************

[2016-12-30 22:07:39.058] [INFO] resLogger - 
*************** response log start ***************
request method: GET
request originalUrl:  /api/users/getUser?id=1
request client ip:  ::ffff:127.0.0.1
request query:  {"id":"1"}
response time: 1
response status: 200
response body: 
{"code":0,"message":"success","data":{"username":"阿，希爸","age":30}}
*************** response log end ***************

[2016-12-30 22:07:39.174] [INFO] resLogger - 
*************** response log start ***************
request method: GET
request originalUrl:  /api/users/getUser?id=1
request client ip:  ::ffff:127.0.0.1
request query:  {"id":"1"}
response time: 0
response status: 200
response body: 
{"code":0,"message":"success","data":{"username":"阿，希爸","age":30}}
*************** response log end ***************

[2016-12-30 22:47:42.203] [INFO] resLogger - 
*************** response log start ***************
request method: GET
request originalUrl:  /api/users/getUser?id=1
request client ip:  ::ffff:127.0.0.1
request query:  {"id":"1"}
response time: 3
response status: 200
response body: 
{"code":0,"message":"success","data":{"username":"阿，希爸","age":30}}
*************** response log end ***************

[2016-12-30 22:47:42.241] [INFO] resLogger - 
*************** response log start ***************
request method: POST
request originalUrl:  /api/users/registerUser
request client ip:  ::ffff:127.0.0.1
request body: 
{"username":"阿，希爸","age":31}
response time: 1
response status: 200
response body: 
{"code":0,"message":"success"}
*************** response log end ***************

